/Users/danieljaffe/Documents/GitHub/LeverageBackend/src/types/EventDescriptor.ts(2,3): error no-unused-vars : 'Opener' is defined but never used.
/Users/danieljaffe/Documents/GitHub/LeverageBackend/src/types/EventDescriptor.ts(3,3): error no-unused-vars : 'Closer' is defined but never used.
/Users/danieljaffe/Documents/GitHub/LeverageBackend/src/types/EventDescriptor.ts(4,3): error no-unused-vars : 'Liquidator' is defined but never used.
/Users/danieljaffe/Documents/GitHub/LeverageBackend/src/types/EventDescriptor.ts(5,3): error no-unused-vars : 'Expirator' is defined but never used.
/Users/danieljaffe/Documents/GitHub/LeverageBackend/src/types/ProcessedEvent.ts(8,9): error @typescript-eslint/no-explicit-any : Unexpected any. Specify a different type.
/Users/danieljaffe/Documents/GitHub/LeverageBackend/test/EventProcessorService.test.ts(27,7): error no-unused-vars : 'provider' is assigned a value but never used.
/Users/danieljaffe/Documents/GitHub/LeverageBackend/test/EventProcessorService.test.ts(27,7): error @typescript-eslint/no-unused-vars : 'provider' is assigned a value but never used.
/Users/danieljaffe/Documents/GitHub/LeverageBackend/test/EventProcessorService.test.ts(27,17): error @typescript-eslint/no-explicit-any : Unexpected any. Specify a different type.
/Users/danieljaffe/Documents/GitHub/LeverageBackend/test/EventProcessorService.test.ts(321,7): error no-unused-vars : 'provider' is assigned a value but never used.
/Users/danieljaffe/Documents/GitHub/LeverageBackend/test/EventProcessorService.test.ts(321,7): error @typescript-eslint/no-unused-vars : 'provider' is assigned a value but never used.
/Users/danieljaffe/Documents/GitHub/LeverageBackend/test/EventProcessorService.test.ts(321,17): error @typescript-eslint/no-explicit-any : Unexpected any. Specify a different type.
/Users/danieljaffe/Documents/GitHub/LeverageBackend/test/services/web3Service.ts(1,7): error no-unused-vars : 'Web3Calls' is defined but never used.
/Users/danieljaffe/Documents/GitHub/LeverageBackend/test/services/web3Service.ts(1,7): error @typescript-eslint/no-unused-vars : 'Web3Calls' is defined but never used.

13 problems